<?xml version="1.0" encoding="UTF-8"?>
<!-- Generated by org.testng.reporters.JUnitReportReporter -->
<testsuite hostname="DESKTOP-6AQVSRL" failures="0" tests="1" name="com.loginUser.APIScenarios" time="4.611" errors="0" timestamp="2024-12-22T19:12:44 IST" skipped="0">
  <testcase classname="com.loginUser.APIScenarios" name="loginUser" time="4.611"/>
  <system-out/>
</testsuite> <!-- com.loginUser.APIScenarios -->
