<?xml version="1.0" encoding="UTF-8"?>
<!-- Generated by org.testng.reporters.JUnitReportReporter -->
<testsuite hostname="DESKTOP-6AQVSRL" failures="0" tests="10" name="com.registerUser.APIScenarios" time="19.299" errors="0" timestamp="2024-12-23T22:05:03 IST" skipped="0">
  <testcase classname="com.registerUser.APIScenarios" name="postUsingHashMAP" time="7.407"/>
  <system-out/>
  <testcase classname="com.registerUser.APIScenarios" name="getUserProfile" time="1.358"/>
  <system-out/>
  <testcase classname="com.registerUser.APIScenarios" name="patchUpdateProfile" time="1.326"/>
  <system-out/>
  <testcase classname="com.registerUser.APIScenarios" name="loginUser" time="1.363"/>
  <system-out/>
  <testcase classname="com.registerUser.APIScenarios" name="addContact" time="1.267"/>
  <system-out/>
  <testcase classname="com.registerUser.APIScenarios" name="getContactList" time="1.439"/>
  <system-out/>
  <testcase classname="com.registerUser.APIScenarios" name="getContactById" time="1.231"/>
  <system-out/>
  <testcase classname="com.registerUser.APIScenarios" name="updateContact" time="1.224"/>
  <system-out/>
  <testcase classname="com.registerUser.APIScenarios" name="patchContact" time="1.195"/>
  <system-out/>
  <testcase classname="com.registerUser.APIScenarios" name="logoutUser" time="1.489"/>
  <system-out/>
</testsuite> <!-- com.registerUser.APIScenarios -->
